This file contains any messages produced by compilers while
running configure, to aid debugging if configure makes a mistake.

It was created by GNU nano configure 2.4.2, which was
generated by GNU Autoconf 2.69.  Invocation command line was

  $ ./configure 

## --------- ##
## Platform. ##
## --------- ##

hostname = dockerx64
uname -m = x86_64
uname -r = 4.15.0-96-generic
uname -s = Linux
uname -v = #97-Ubuntu SMP Wed Apr 1 03:25:46 UTC 2020

/usr/bin/uname -p = unknown
/bin/uname -X     = unknown

/bin/arch              = x86_64
/usr/bin/arch -k       = unknown
/usr/convex/getsysinfo = unknown
/usr/bin/hostinfo      = unknown
/bin/machine           = unknown
/usr/bin/oslevel       = unknown
/bin/universe          = unknown

PATH: /usr/local/bin
PATH: /usr/local/sbin
PATH: /usr/local/bin
PATH: /usr/sbin
PATH: /usr/bin
PATH: /sbin
PATH: /bin


## ----------- ##
## Core tests. ##
## ----------- ##

configure:2317: checking build system type
configure:2331: result: x86_64-unknown-linux-gnu
configure:2351: checking host system type
configure:2364: result: x86_64-unknown-linux-gnu
configure:2400: checking for a BSD-compatible install
configure:2468: result: /usr/bin/install -c
configure:2479: checking whether build environment is sane
configure:2534: result: yes
configure:2685: checking for a thread-safe mkdir -p
configure:2724: result: ./install-sh -c -d
configure:2731: checking for gawk
configure:2761: result: no
configure:2731: checking for mawk
configure:2761: result: no
configure:2731: checking for nawk
configure:2761: result: no
configure:2731: checking for awk
configure:2747: found /usr/bin/awk
configure:2758: result: awk
configure:2769: checking whether make sets $(MAKE)
configure:2795: result: no
configure:2820: checking whether make supports nested variables
configure:2837: result: no
configure:2981: checking for style of include used by make
configure:3009: result: none
configure:3080: checking for gcc
configure:3110: result: no
configure:3173: checking for cc
configure:3220: result: no
configure:3276: checking for cl.exe
configure:3306: result: no
configure:3330: error: in `/config/nano-2.4.2':
configure:3332: error: no acceptable C compiler found in $PATH
See `config.log' for more details

## ---------------- ##
## Cache variables. ##
## ---------------- ##

ac_cv_build='x86_64-unknown-linux-gnu'
ac_cv_env_CC_set=''
ac_cv_env_CC_value=''
ac_cv_env_CFLAGS_set=''
ac_cv_env_CFLAGS_value=''
ac_cv_env_CPPFLAGS_set=''
ac_cv_env_CPPFLAGS_value=''
ac_cv_env_CPP_set=''
ac_cv_env_CPP_value=''
ac_cv_env_LDFLAGS_set=''
ac_cv_env_LDFLAGS_value=''
ac_cv_env_LIBS_set=''
ac_cv_env_LIBS_value=''
ac_cv_env_NCURSESW_CFLAGS_set=''
ac_cv_env_NCURSESW_CFLAGS_value=''
ac_cv_env_NCURSESW_LIBS_set=''
ac_cv_env_NCURSESW_LIBS_value=''
ac_cv_env_NCURSES_CFLAGS_set=''
ac_cv_env_NCURSES_CFLAGS_value=''
ac_cv_env_NCURSES_LIBS_set=''
ac_cv_env_NCURSES_LIBS_value=''
ac_cv_env_PKG_CONFIG_LIBDIR_set=''
ac_cv_env_PKG_CONFIG_LIBDIR_value=''
ac_cv_env_PKG_CONFIG_PATH_set=''
ac_cv_env_PKG_CONFIG_PATH_value=''
ac_cv_env_PKG_CONFIG_set=''
ac_cv_env_PKG_CONFIG_value=''
ac_cv_env_build_alias_set=''
ac_cv_env_build_alias_value=''
ac_cv_env_host_alias_set=''
ac_cv_env_host_alias_value=''
ac_cv_env_target_alias_set=''
ac_cv_env_target_alias_value=''
ac_cv_host='x86_64-unknown-linux-gnu'
ac_cv_path_install='/usr/bin/install -c'
ac_cv_prog_AWK='awk'
ac_cv_prog_make_make_set='no'
am_cv_make_support_nested_variables='no'

## ----------------- ##
## Output variables. ##
## ----------------- ##

ACLOCAL='${SHELL} /config/nano-2.4.2/missing aclocal-1.14'
AMDEPBACKSLASH='\'
AMDEP_FALSE='#'
AMDEP_TRUE=''
AMTAR='$${TAR-tar}'
AM_BACKSLASH='\'
AM_DEFAULT_V='1'
AM_DEFAULT_VERBOSITY='1'
AM_V='1'
AUTOCONF='${SHELL} /config/nano-2.4.2/missing autoconf'
AUTOHEADER='${SHELL} /config/nano-2.4.2/missing autoheader'
AUTOMAKE='${SHELL} /config/nano-2.4.2/missing automake-1.14'
AWK='awk'
CC=''
CCDEPMODE=''
CFLAGS=''
CPP=''
CPPFLAGS=''
CURSES_LIB=''
CYGPATH_W='echo'
DEFS=''
DEPDIR='.deps'
ECHO_C=''
ECHO_N='-n'
ECHO_T=''
EGREP=''
EXEEXT=''
GLIB_CFLAGS=''
GLIB_GENMARSHAL=''
GLIB_LIBS=''
GLIB_MKENUMS=''
GMSGFMT=''
GOBJECT_QUERY=''
GREP=''
GROFF_HTML_FALSE=''
GROFF_HTML_TRUE=''
HAVE_MAKEINFO_FALSE=''
HAVE_MAKEINFO_TRUE=''
INSTALL_DATA='${INSTALL} -m 644'
INSTALL_PROGRAM='${INSTALL}'
INSTALL_SCRIPT='${INSTALL}'
INSTALL_STRIP_PROGRAM='$(install_sh) -c -s'
INTLLIBS=''
LDFLAGS=''
LIBICONV=''
LIBINTL=''
LIBOBJS=''
LIBS=''
LN_S=''
LTLIBICONV=''
LTLIBINTL=''
LTLIBOBJS=''
MAKEINFO='${SHELL} /config/nano-2.4.2/missing makeinfo'
MKDIR_P='./install-sh -c -d'
MKINSTALLDIRS=''
MSGFMT=''
MSGMERGE=''
NCURSESW_CFLAGS=''
NCURSESW_CONFIG=''
NCURSESW_LIBS=''
NCURSES_CFLAGS=''
NCURSES_LIBS=''
OBJEXT=''
PACKAGE='nano'
PACKAGE_BUGREPORT='nano-devel@gnu.org'
PACKAGE_NAME='GNU nano'
PACKAGE_STRING='GNU nano 2.4.2'
PACKAGE_TARNAME='nano'
PACKAGE_URL='http://www.gnu.org/software/nano/'
PACKAGE_VERSION='2.4.2'
PATH_SEPARATOR=':'
PKGDATADIR=''
PKG_CONFIG=''
PKG_CONFIG_LIBDIR=''
PKG_CONFIG_PATH=''
POSUB=''
SET_MAKE='MAKE=make'
SHELL='/bin/sh'
STRIP=''
USE_COLOR_FALSE=''
USE_COLOR_TRUE=''
USE_NANORC_FALSE=''
USE_NANORC_TRUE=''
USE_NLS=''
USE_NLS_FALSE=''
USE_NLS_TRUE=''
VERSION='2.4.2'
XGETTEXT=''
ac_ct_CC=''
am__EXEEXT_FALSE=''
am__EXEEXT_TRUE=''
am__fastdepCC_FALSE=''
am__fastdepCC_TRUE=''
am__include='#'
am__isrc=''
am__leading_dot='.'
am__nodep='_no'
am__quote=''
am__tar='$${TAR-tar} chof - "$$tardir"'
am__untar='$${TAR-tar} xf -'
bindir='${exec_prefix}/bin'
build='x86_64-unknown-linux-gnu'
build_alias=''
build_cpu='x86_64'
build_os='linux-gnu'
build_vendor='unknown'
datadir='${datarootdir}'
datarootdir='${prefix}/share'
docdir='${datarootdir}/doc/${PACKAGE_TARNAME}'
dvidir='${docdir}'
exec_prefix='NONE'
haveit=''
host='x86_64-unknown-linux-gnu'
host_alias=''
host_cpu='x86_64'
host_os='linux-gnu'
host_vendor='unknown'
htmldir='${docdir}'
includedir='${prefix}/include'
infodir='${datarootdir}/info'
install_sh='${SHELL} /config/nano-2.4.2/install-sh'
libdir='${exec_prefix}/lib'
libexecdir='${exec_prefix}/libexec'
localedir='${datarootdir}/locale'
localstatedir='${prefix}/var'
mandir='${datarootdir}/man'
mkdir_p='$(MKDIR_P)'
oldincludedir='/usr/include'
pdfdir='${docdir}'
prefix='NONE'
program_transform_name='s,x,x,'
psdir='${docdir}'
sbindir='${exec_prefix}/sbin'
sharedstatedir='${prefix}/com'
sysconfdir='${prefix}/etc'
target_alias=''

## ----------- ##
## confdefs.h. ##
## ----------- ##

/* confdefs.h */
#define PACKAGE_NAME "GNU nano"
#define PACKAGE_TARNAME "nano"
#define PACKAGE_VERSION "2.4.2"
#define PACKAGE_STRING "GNU nano 2.4.2"
#define PACKAGE_BUGREPORT "nano-devel@gnu.org"
#define PACKAGE_URL "http://www.gnu.org/software/nano/"
#define PACKAGE "nano"
#define VERSION "2.4.2"

configure: exit 1
